[dotenv@17.2.3] injecting env (6) from .env -- tip: Ô£à audit secrets and track compliance: https://dotenvx.com/ops
ÔÜá´©Å USING IN-MEMORY MOCK DATABASE (Postgres)
Uncaught Exception: Error: Cannot find module 'bcryptjs'
Require stack:
- C:\Users\awwab\Desktop\Genesis\Genesis\sme-supply-chain\server\utils\auth.js
- C:\Users\awwab\Desktop\Genesis\Genesis\sme-supply-chain\server\routes\auth.js
- C:\Users\awwab\Desktop\Genesis\Genesis\sme-supply-chain\server\index.js
    at Function._resolveFilename (node:internal/modules/cjs/loader:1401:15)
    at defaultResolveImpl (node:internal/modules/cjs/loader:1057:19)
    at resolveForCJSWithHooks (node:internal/modules/cjs/loader:1062:22)
    at Function._load (node:internal/modules/cjs/loader:1211:37)
    at TracingChannel.traceSync (node:diagnostics_channel:322:14)
    at wrapModuleLoad (node:internal/modules/cjs/loader:235:24)
    at Module.require (node:internal/modules/cjs/loader:1487:12)
    at require (node:internal/modules/helpers:135:16)
    at Object.<anonymous> (C:\Users\awwab\Desktop\Genesis\Genesis\sme-supply-chain\server\utils\auth.js:1:16)
    at Module._compile (node:internal/modules/cjs/loader:1730:14) {
  code: 'MODULE_NOT_FOUND',
  requireStack: [
    'C:\\Users\\awwab\\Desktop\\Genesis\\Genesis\\sme-supply-chain\\server\\utils\\auth.js',
    'C:\\Users\\awwab\\Desktop\\Genesis\\Genesis\\sme-supply-chain\\server\\routes\\auth.js',
    'C:\\Users\\awwab\\Desktop\\Genesis\\Genesis\\sme-supply-chain\\server\\index.js'
  ]
}
